<?xml version="1.0" encoding="UTF-8"?>
<!-- Generated by org.testng.reporters.JUnitXMLReporter -->
<testsuite ignored="0" hostname="DESKTOP-2LPG92S" failures="2" tests="3" name="Nopackage" time="9.852" errors="0" timestamp="2020-07-13T13:16:29 CEST">
  <testcase classname="SauceTC.SaucePageTest" name="verifyLogin" time="0.112"/>
  <testcase classname="SauceTC.SaucePageTest" name="VerifyErrorMessageWhenUserNameIsMisssing" time="0.133">
    <failure type="java.lang.NullPointerException">
      <![CDATA[java.lang.NullPointerException
at SauceTC.Mavenproject.MissingUsername.clickOnSignInButton(MissingUsername.java:31)
at SauceTC.SaucePageTest.VerifyErrorMessageWhenUserNameIsMisssing(SaucePageTest.java:48)
at java.base/java.util.ArrayList.forEach(ArrayList.java:1507)
... Removed 27 stack frames]]>
    </failure>
  </testcase> <!-- VerifyErrorMessageWhenUserNameIsMisssing -->
  <testcase classname="SauceTC.SaucePageTest" name="VerifyErrWhenPassMiss" time="2.969">
    <failure type="org.openqa.selenium.NoSuchElementException" message="Cannot locate an element using css selector=[data-test=&amp;quot;error&amp;quot;]
For documentation on this error, please visit: https://www.seleniumhq.org/exceptions/no_such_element.html
Build info: version: &amp;apos;3.141.59&amp;apos;, revision: &amp;apos;e82be7d358&amp;apos;, time: &amp;apos;2018-11-14T08:17:03&amp;apos;
System info: host: &amp;apos;DESKTOP-2LPG92S&amp;apos;, ip: &amp;apos;192.168.0.15&amp;apos;, os.name: &amp;apos;Windows 10&amp;apos;, os.arch: &amp;apos;amd64&amp;apos;, os.version: &amp;apos;10.0&amp;apos;, java.version: &amp;apos;13.0.2&amp;apos;
Driver info: driver.version: RemoteWebDriver">
      <![CDATA[org.openqa.selenium.NoSuchElementException: Cannot locate an element using css selector=[data-test="error"]
For documentation on this error, please visit: https://www.seleniumhq.org/exceptions/no_such_element.html
Build info: version: '3.141.59', revision: 'e82be7d358', time: '2018-11-14T08:17:03'
System info: host: 'DESKTOP-2LPG92S', ip: '192.168.0.15', os.name: 'Windows 10', os.arch: 'amd64', os.version: '10.0', java.version: '13.0.2'
Driver info: driver.version: RemoteWebDriver
at org.openqa.selenium.remote.RemoteWebDriver.findElement(RemoteWebDriver.java:327)
at org.openqa.selenium.remote.RemoteWebDriver.findElementByCssSelector(RemoteWebDriver.java:420)
at org.openqa.selenium.By$ByCssSelector.findElement(By.java:431)
at org.openqa.selenium.remote.RemoteWebDriver.findElement(RemoteWebDriver.java:315)
at SauceTC.Mavenproject.MissingPassword.getErrMsg(MissingPassword.java:31)
at SauceTC.SaucePageTest.VerifyErrWhenPassMiss(SaucePageTest.java:60)
at java.base/java.util.ArrayList.forEach(ArrayList.java:1507)
... Removed 27 stack frames]]>
    </failure>
  </testcase> <!-- VerifyErrWhenPassMiss -->
</testsuite> <!-- Nopackage -->
