<?xml version="1.0" encoding="UTF-8"?>
<!-- Generated by org.testng.reporters.JUnitXMLReporter -->
<testsuite ignored="0" hostname="DESKTOP-2LPG92S" failures="1" tests="1" name="VerifyAddedItemIsDisplayed(failed)" time="39.725" errors="0" timestamp="2020-07-14T12:02:41 CEST">
  <testcase classname="AddingCart.Cart" name="VerifyAddedItemIsDisplayed" time="31.75">
    <failure type="java.lang.AssertionError" message="expected [$9.99] but found [9.99]">
      <![CDATA[java.lang.AssertionError: expected [$9.99] but found [9.99]
at AddingCart.Cart.VerifyAddedItemIsDisplayed(Cart.java:60)
at java.base/java.util.ArrayList.forEach(ArrayList.java:1507)
... Removed 32 stack frames]]>
    </failure>
  </testcase> <!-- VerifyAddedItemIsDisplayed -->
</testsuite> <!-- VerifyAddedItemIsDisplayed(failed) -->
